# JRE version: OpenJDK Runtime Environment Temurin-17.0.9+9 (17.0.9+9) (build 17.0.9+9)
# Java VM: OpenJDK 64-Bit Server VM Temurin-17.0.9+9 (17.0.9+9, mixed mode, tiered, compressed oops, compressed class ptrs, parallel gc, windows-amd64)
GC Precious Log:
 CPUs: 12 total, 12 available
 Memory: 16121M
 Large Page Support: Disabled
 NUMA Support: Disabled
 Compressed Oops: Enabled (32-bit)
 Alignments: Space 512K, Generation 512K, Heap 2M
 Heap Min Capacity: 100M
 Heap Initial Capacity: 100M
 Heap Max Capacity: 1G
 Pre-touch: Disabled
 Parallel Workers: 10
Heap:
 PSYoungGen      total 6656K, used 5828K [0x00000000eab00000, 0x00000000eb580000, 0x0000000100000000)
  eden space 6144K, 86% used [0x00000000eab00000,0x00000000eb0350d0,0x00000000eb100000)
  from space 512K, 96% used [0x00000000eb500000,0x00000000eb57c030,0x00000000eb580000)
  to   space 1536K, 0% used [0x00000000eb280000,0x00000000eb280000,0x00000000eb400000)
 ParOldGen       total 143872K, used 124343K [0x00000000c0000000, 0x00000000c8c80000, 0x00000000eab00000)
  object space 143872K, 86% used [0x00000000c0000000,0x00000000c796dde0,0x00000000c8c80000)
 Metaspace       used 89434K, committed 90688K, reserved 1179648K
  class space    used 8978K, committed 9536K, reserved 1048576K
GC Heap History (20 events):
Event: 2391.752 GC heap before
{Heap before GC invocations=2834 (full 72):
 PSYoungGen      total 6656K, used 6368K [0x00000000eab00000, 0x00000000eb380000, 0x0000000100000000)
  eden space 6144K, 100% used [0x00000000eab00000,0x00000000eb100000,0x00000000eb100000)
  from space 512K, 43% used [0x00000000eb300000,0x00000000eb338000,0x00000000eb380000)
  to   space 512K, 0% used [0x00000000eb280000,0x00000000eb280000,0x00000000eb300000)
 ParOldGen       total 143872K, used 117690K [0x00000000c0000000, 0x00000000c8c80000, 0x00000000eab00000)
  object space 143872K, 81% used [0x00000000c0000000,0x00000000c72ee978,0x00000000c8c80000)
 Metaspace       used 89408K, committed 90688K, reserved 1179648K
  class space    used 8976K, committed 9536K, reserved 1048576K
}
Event: 2391.752 GC heap after
{Heap after GC invocations=2834 (full 72):
 PSYoungGen      total 6656K, used 496K [0x00000000eab00000, 0x00000000eb380000, 0x0000000100000000)
  eden space 6144K, 0% used [0x00000000eab00000,0x00000000eab00000,0x00000000eb100000)
  from space 512K, 96% used [0x00000000eb280000,0x00000000eb2fc030,0x00000000eb300000)
  to   space 512K, 0% used [0x00000000eb300000,0x00000000eb300000,0x00000000eb380000)
 ParOldGen       total 143872K, used 117906K [0x00000000c0000000, 0x00000000c8c80000, 0x00000000eab00000)
  object space 143872K, 81% used [0x00000000c0000000,0x00000000c7324998,0x00000000c8c80000)
 Metaspace       used 89408K, committed 90688K, reserved 1179648K
  class space    used 8976K, committed 9536K, reserved 1048576K
}
Event: 2396.416 GC heap before
{Heap before GC invocations=2835 (full 72):
 PSYoungGen      total 6656K, used 6640K [0x00000000eab00000, 0x00000000eb380000, 0x0000000100000000)
  eden space 6144K, 100% used [0x00000000eab00000,0x00000000eb100000,0x00000000eb100000)
  from space 512K, 96% used [0x00000000eb280000,0x00000000eb2fc030,0x00000000eb300000)
  to   space 512K, 0% used [0x00000000eb300000,0x00000000eb300000,0x00000000eb380000)
 ParOldGen       total 143872K, used 117906K [0x00000000c0000000, 0x00000000c8c80000, 0x00000000eab00000)
  object space 143872K, 81% used [0x00000000c0000000,0x00000000c7324998,0x00000000c8c80000)
 Metaspace       used 89422K, committed 90688K, reserved 1179648K
  class space    used 8976K, committed 9536K, reserved 1048576K
}
Event: 2396.417 GC heap after
{Heap after GC invocations=2835 (full 72):
 PSYoungGen      total 6656K, used 480K [0x00000000eab00000, 0x00000000eb400000, 0x0000000100000000)
  eden space 6144K, 0% used [0x00000000eab00000,0x00000000eab00000,0x00000000eb100000)
  from space 512K, 93% used [0x00000000eb300000,0x00000000eb378020,0x00000000eb380000)
  to   space 1536K, 0% used [0x00000000eb100000,0x00000000eb100000,0x00000000eb280000)
 ParOldGen       total 143872K, used 118500K [0x00000000c0000000, 0x00000000c8c80000, 0x00000000eab00000)
  object space 143872K, 82% used [0x00000000c0000000,0x00000000c73b92d8,0x00000000c8c80000)
 Metaspace       used 89422K, committed 90688K, reserved 1179648K
  class space    used 8976K, committed 9536K, reserved 1048576K
}
Event: 2397.492 GC heap before
{Heap before GC invocations=2836 (full 72):
 PSYoungGen      total 6656K, used 6624K [0x00000000eab00000, 0x00000000eb400000, 0x0000000100000000)
  eden space 6144K, 100% used [0x00000000eab00000,0x00000000eb100000,0x00000000eb100000)
  from space 512K, 93% used [0x00000000eb300000,0x00000000eb378020,0x00000000eb380000)
  to   space 1536K, 0% used [0x00000000eb100000,0x00000000eb100000,0x00000000eb280000)
 ParOldGen       total 143872K, used 118500K [0x00000000c0000000, 0x00000000c8c80000, 0x00000000eab00000)
  object space 143872K, 82% used [0x00000000c0000000,0x00000000c73b92d8,0x00000000c8c80000)
 Metaspace       used 89423K, committed 90688K, reserved 1179648K
  class space    used 8976K, committed 9536K, reserved 1048576K
}
Event: 2397.495 GC heap after
{Heap after GC invocations=2836 (full 72):
 PSYoungGen      total 7680K, used 1534K [0x00000000eab00000, 0x00000000eba00000, 0x0000000100000000)
  eden space 6144K, 0% used [0x00000000eab00000,0x00000000eab00000,0x00000000eb100000)
  from space 1536K, 99% used [0x00000000eb100000,0x00000000eb27f890,0x00000000eb280000)
  to   space 4608K, 0% used [0x00000000eb580000,0x00000000eb580000,0x00000000eba00000)
 ParOldGen       total 143872K, used 120708K [0x00000000c0000000, 0x00000000c8c80000, 0x00000000eab00000)
  object space 143872K, 83% used [0x00000000c0000000,0x00000000c75e12d8,0x00000000c8c80000)
 Metaspace       used 89423K, committed 90688K, reserved 1179648K
  class space    used 8976K, committed 9536K, reserved 1048576K
}
Event: 2397.755 GC heap before
{Heap before GC invocations=2837 (full 72):
 PSYoungGen      total 7680K, used 7678K [0x00000000eab00000, 0x00000000eba00000, 0x0000000100000000)
  eden space 6144K, 100% used [0x00000000eab00000,0x00000000eb100000,0x00000000eb100000)
  from space 1536K, 99% used [0x00000000eb100000,0x00000000eb27f890,0x00000000eb280000)
  to   space 4608K, 0% used [0x00000000eb580000,0x00000000eb580000,0x00000000eba00000)
 ParOldGen       total 143872K, used 120708K [0x00000000c0000000, 0x00000000c8c80000, 0x00000000eab00000)
  object space 143872K, 83% used [0x00000000c0000000,0x00000000c75e12d8,0x00000000c8c80000)
 Metaspace       used 89424K, committed 90688K, reserved 1179648K
  class space    used 8976K, committed 9536K, reserved 1048576K
}
Event: 2397.756 GC heap after
{Heap after GC invocations=2837 (full 72):
 PSYoungGen      total 6656K, used 448K [0x00000000eab00000, 0x00000000eb600000, 0x0000000100000000)
  eden space 6144K, 0% used [0x00000000eab00000,0x00000000eab00000,0x00000000eb100000)
  from space 512K, 87% used [0x00000000eb580000,0x00000000eb5f0000,0x00000000eb600000)
  to   space 2048K, 0% used [0x00000000eb200000,0x00000000eb200000,0x00000000eb400000)
 ParOldGen       total 143872K, used 121179K [0x00000000c0000000, 0x00000000c8c80000, 0x00000000eab00000)
  object space 143872K, 84% used [0x00000000c0000000,0x00000000c7656d18,0x00000000c8c80000)
 Metaspace       used 89424K, committed 90688K, reserved 1179648K
  class space    used 8976K, committed 9536K, reserved 1048576K
}
Event: 2398.703 GC heap before
{Heap before GC invocations=2838 (full 72):
 PSYoungGen      total 6656K, used 6592K [0x00000000eab00000, 0x00000000eb600000, 0x0000000100000000)
  eden space 6144K, 100% used [0x00000000eab00000,0x00000000eb100000,0x00000000eb100000)
  from space 512K, 87% used [0x00000000eb580000,0x00000000eb5f0000,0x00000000eb600000)
  to   space 2048K, 0% used [0x00000000eb200000,0x00000000eb200000,0x00000000eb400000)
 ParOldGen       total 143872K, used 121179K [0x00000000c0000000, 0x00000000c8c80000, 0x00000000eab00000)
  object space 143872K, 84% used [0x00000000c0000000,0x00000000c7656d18,0x00000000c8c80000)
 Metaspace       used 89424K, committed 90688K, reserved 1179648K
  class space    used 8976K, committed 9536K, reserved 1048576K
}
Event: 2398.704 GC heap after
{Heap after GC invocations=2838 (full 72):
 PSYoungGen      total 8192K, used 704K [0x00000000eab00000, 0x00000000eb600000, 0x0000000100000000)
  eden space 6144K, 0% used [0x00000000eab00000,0x00000000eab00000,0x00000000eb100000)
  from space 2048K, 34% used [0x00000000eb200000,0x00000000eb2b0020,0x00000000eb400000)
  to   space 1024K, 0% used [0x00000000eb500000,0x00000000eb500000,0x00000000eb600000)
 ParOldGen       total 143872K, used 121483K [0x00000000c0000000, 0x00000000c8c80000, 0x00000000eab00000)
  object space 143872K, 84% used [0x00000000c0000000,0x00000000c76a2d18,0x00000000c8c80000)
 Metaspace       used 89424K, committed 90688K, reserved 1179648K
  class space    used 8976K, committed 9536K, reserved 1048576K
}
Event: 2399.052 GC heap before
{Heap before GC invocations=2839 (full 72):
 PSYoungGen      total 8192K, used 6848K [0x00000000eab00000, 0x00000000eb600000, 0x0000000100000000)
  eden space 6144K, 100% used [0x00000000eab00000,0x00000000eb100000,0x00000000eb100000)
  from space 2048K, 34% used [0x00000000eb200000,0x00000000eb2b0020,0x00000000eb400000)
  to   space 1024K, 0% used [0x00000000eb500000,0x00000000eb500000,0x00000000eb600000)
 ParOldGen       total 143872K, used 121483K [0x00000000c0000000, 0x00000000c8c80000, 0x00000000eab00000)
  object space 143872K, 84% used [0x00000000c0000000,0x00000000c76a2d18,0x00000000c8c80000)
 Metaspace       used 89426K, committed 90688K, reserved 1179648K
  class space    used 8976K, committed 9536K, reserved 1048576K
}
Event: 2399.053 GC heap after
{Heap after GC invocations=2839 (full 72):
 PSYoungGen      total 7168K, used 928K [0x00000000eab00000, 0x00000000eb600000, 0x0000000100000000)
  eden space 6144K, 0% used [0x00000000eab00000,0x00000000eab00000,0x00000000eb100000)
  from space 1024K, 90% used [0x00000000eb500000,0x00000000eb5e8040,0x00000000eb600000)
  to   space 1024K, 0% used [0x00000000eb400000,0x00000000eb400000,0x00000000eb500000)
 ParOldGen       total 143872K, used 121483K [0x00000000c0000000, 0x00000000c8c80000, 0x00000000eab00000)
  object space 143872K, 84% used [0x00000000c0000000,0x00000000c76a2d18,0x00000000c8c80000)
 Metaspace       used 89426K, committed 90688K, reserved 1179648K
  class space    used 8976K, committed 9536K, reserved 1048576K
}
Event: 2399.258 GC heap before
{Heap before GC invocations=2840 (full 72):
 PSYoungGen      total 7168K, used 7072K [0x00000000eab00000, 0x00000000eb600000, 0x0000000100000000)
  eden space 6144K, 100% used [0x00000000eab00000,0x00000000eb100000,0x00000000eb100000)
  from space 1024K, 90% used [0x00000000eb500000,0x00000000eb5e8040,0x00000000eb600000)
  to   space 1024K, 0% used [0x00000000eb400000,0x00000000eb400000,0x00000000eb500000)
 ParOldGen       total 143872K, used 121483K [0x00000000c0000000, 0x00000000c8c80000, 0x00000000eab00000)
  object space 143872K, 84% used [0x00000000c0000000,0x00000000c76a2d18,0x00000000c8c80000)
 Metaspace       used 89426K, committed 90688K, reserved 1179648K
  class space    used 8976K, committed 9536K, reserved 1048576K
}
Event: 2399.259 GC heap after
{Heap after GC invocations=2840 (full 72):
 PSYoungGen      total 7168K, used 960K [0x00000000eab00000, 0x00000000eb580000, 0x0000000100000000)
  eden space 6144K, 0% used [0x00000000eab00000,0x00000000eab00000,0x00000000eb100000)
  from space 1024K, 93% used [0x00000000eb400000,0x00000000eb4f0020,0x00000000eb500000)
  to   space 512K, 0% used [0x00000000eb500000,0x00000000eb500000,0x00000000eb580000)
 ParOldGen       total 143872K, used 121483K [0x00000000c0000000, 0x00000000c8c80000, 0x00000000eab00000)
  object space 143872K, 84% used [0x00000000c0000000,0x00000000c76a2d18,0x00000000c8c80000)
 Metaspace       used 89426K, committed 90688K, reserved 1179648K
  class space    used 8976K, committed 9536K, reserved 1048576K
}
Event: 2400.310 GC heap before
{Heap before GC invocations=2841 (full 72):
 PSYoungGen      total 7168K, used 7104K [0x00000000eab00000, 0x00000000eb580000, 0x0000000100000000)
  eden space 6144K, 100% used [0x00000000eab00000,0x00000000eb100000,0x00000000eb100000)
  from space 1024K, 93% used [0x00000000eb400000,0x00000000eb4f0020,0x00000000eb500000)
  to   space 512K, 0% used [0x00000000eb500000,0x00000000eb500000,0x00000000eb580000)
 ParOldGen       total 143872K, used 121483K [0x00000000c0000000, 0x00000000c8c80000, 0x00000000eab00000)
  object space 143872K, 84% used [0x00000000c0000000,0x00000000c76a2d18,0x00000000c8c80000)
 Metaspace       used 89426K, committed 90688K, reserved 1179648K
  class space    used 8976K, committed 9536K, reserved 1048576K
}
Event: 2400.312 GC heap after
{Heap after GC invocations=2841 (full 72):
 PSYoungGen      total 6656K, used 511K [0x00000000eab00000, 0x00000000eb580000, 0x0000000100000000)
  eden space 6144K, 0% used [0x00000000eab00000,0x00000000eab00000,0x00000000eb100000)
  from space 512K, 99% used [0x00000000eb500000,0x00000000eb57fc48,0x00000000eb580000)
  to   space 1024K, 0% used [0x00000000eb400000,0x00000000eb400000,0x00000000eb500000)
 ParOldGen       total 143872K, used 123746K [0x00000000c0000000, 0x00000000c8c80000, 0x00000000eab00000)
  object space 143872K, 86% used [0x00000000c0000000,0x00000000c78d8960,0x00000000c8c80000)
 Metaspace       used 89426K, committed 90688K, reserved 1179648K
  class space    used 8976K, committed 9536K, reserved 1048576K
}
Event: 2400.668 GC heap before
{Heap before GC invocations=2842 (full 72):
 PSYoungGen      total 6656K, used 6655K [0x00000000eab00000, 0x00000000eb580000, 0x0000000100000000)
  eden space 6144K, 100% used [0x00000000eab00000,0x00000000eb100000,0x00000000eb100000)
  from space 512K, 99% used [0x00000000eb500000,0x00000000eb57fc48,0x00000000eb580000)
  to   space 1024K, 0% used [0x00000000eb400000,0x00000000eb400000,0x00000000eb500000)
 ParOldGen       total 143872K, used 123746K [0x00000000c0000000, 0x00000000c8c80000, 0x00000000eab00000)
  object space 143872K, 86% used [0x00000000c0000000,0x00000000c78d8960,0x00000000c8c80000)
 Metaspace       used 89426K, committed 90688K, reserved 1179648K
  class space    used 8976K, committed 9536K, reserved 1048576K
}
Event: 2400.671 GC heap after
{Heap after GC invocations=2842 (full 72):
 PSYoungGen      total 7168K, used 992K [0x00000000eab00000, 0x00000000eb580000, 0x0000000100000000)
  eden space 6144K, 0% used [0x00000000eab00000,0x00000000eab00000,0x00000000eb100000)
  from space 1024K, 96% used [0x00000000eb400000,0x00000000eb4f8020,0x00000000eb500000)
  to   space 512K, 0% used [0x00000000eb500000,0x00000000eb500000,0x00000000eb580000)
 ParOldGen       total 143872K, used 123770K [0x00000000c0000000, 0x00000000c8c80000, 0x00000000eab00000)
  object space 143872K, 86% used [0x00000000c0000000,0x00000000c78de960,0x00000000c8c80000)
 Metaspace       used 89426K, committed 90688K, reserved 1179648K
  class space    used 8976K, committed 9536K, reserved 1048576K
}
Event: 2401.230 GC heap before
{Heap before GC invocations=2843 (full 72):
 PSYoungGen      total 7168K, used 7136K [0x00000000eab00000, 0x00000000eb580000, 0x0000000100000000)
  eden space 6144K, 100% used [0x00000000eab00000,0x00000000eb100000,0x00000000eb100000)
  from space 1024K, 96% used [0x00000000eb400000,0x00000000eb4f8020,0x00000000eb500000)
  to   space 512K, 0% used [0x00000000eb500000,0x00000000eb500000,0x00000000eb580000)
 ParOldGen       total 143872K, used 123770K [0x00000000c0000000, 0x00000000c8c80000, 0x00000000eab00000)
  object space 143872K, 86% used [0x00000000c0000000,0x00000000c78de960,0x00000000c8c80000)
 Metaspace       used 89426K, committed 90688K, reserved 1179648K
  class space    used 8976K, committed 9536K, reserved 1048576K
}
Event: 2401.232 GC heap after
{Heap after GC invocations=2843 (full 72):
 PSYoungGen      total 6656K, used 496K [0x00000000eab00000, 0x00000000eb580000, 0x0000000100000000)
  eden space 6144K, 0% used [0x00000000eab00000,0x00000000eab00000,0x00000000eb100000)
  from space 512K, 96% used [0x00000000eb500000,0x00000000eb57c030,0x00000000eb580000)
  to   space 1536K, 0% used [0x00000000eb280000,0x00000000eb280000,0x00000000eb400000)
 ParOldGen       total 143872K, used 124343K [0x00000000c0000000, 0x00000000c8c80000, 0x00000000eab00000)
  object space 143872K, 86% used [0x00000000c0000000,0x00000000c796dde0,0x00000000c8c80000)
 Metaspace       used 89426K, committed 90688K, reserved 1179648K
  class space    used 8976K, committed 9536K, reserved 1048576K
}

