# JRE version: OpenJDK Runtime Environment Temurin-17.0.9+9 (17.0.9+9) (build 17.0.9+9)
# Java VM: OpenJDK 64-Bit Server VM Temurin-17.0.9+9 (17.0.9+9, mixed mode, tiered, compressed oops, compressed class ptrs, parallel gc, windows-amd64)
GC Precious Log:
 CPUs: 12 total, 12 available
 Memory: 16121M
 Large Page Support: Disabled
 NUMA Support: Disabled
 Compressed Oops: Enabled (32-bit)
 Alignments: Space 512K, Generation 512K, Heap 2M
 Heap Min Capacity: 100M
 Heap Initial Capacity: 100M
 Heap Max Capacity: 1G
 Pre-touch: Disabled
 Parallel Workers: 10
Heap:
 PSYoungGen      total 23552K, used 10376K [0x00000000eab00000, 0x00000000ec380000, 0x0000000100000000)
  eden space 22016K, 40% used [0x00000000eab00000,0x00000000eb3c7b50,0x00000000ec080000)
  from space 1536K, 90% used [0x00000000ec200000,0x00000000ec35a5b0,0x00000000ec380000)
  to   space 1536K, 0% used [0x00000000ec080000,0x00000000ec080000,0x00000000ec200000)
 ParOldGen       total 68608K, used 36343K [0x00000000c0000000, 0x00000000c4300000, 0x00000000eab00000)
  object space 68608K, 52% used [0x00000000c0000000,0x00000000c237dd30,0x00000000c4300000)
 Metaspace       used 66647K, committed 67712K, reserved 1114112K
  class space    used 7229K, committed 7680K, reserved 1048576K
GC Heap History (20 events):
Event: 3.601 GC heap before
{Heap before GC invocations=22 (full 2):
 PSYoungGen      total 24064K, used 24032K [0x00000000eab00000, 0x00000000eca80000, 0x0000000100000000)
  eden space 22016K, 100% used [0x00000000eab00000,0x00000000ec080000,0x00000000ec080000)
  from space 2048K, 98% used [0x00000000ec180000,0x00000000ec378020,0x00000000ec380000)
  to   space 5120K, 0% used [0x00000000ec580000,0x00000000ec580000,0x00000000eca80000)
 ParOldGen       total 68608K, used 26338K [0x00000000c0000000, 0x00000000c4300000, 0x00000000eab00000)
  object space 68608K, 38% used [0x00000000c0000000,0x00000000c19b89f0,0x00000000c4300000)
 Metaspace       used 55164K, committed 56128K, reserved 1114112K
  class space    used 6061K, committed 6464K, reserved 1048576K
}
Event: 3.603 GC heap after
{Heap after GC invocations=22 (full 2):
 PSYoungGen      total 24576K, used 2496K [0x00000000eab00000, 0x00000000ec800000, 0x0000000100000000)
  eden space 22016K, 0% used [0x00000000eab00000,0x00000000eab00000,0x00000000ec080000)
  from space 2560K, 97% used [0x00000000ec580000,0x00000000ec7f0000,0x00000000ec800000)
  to   space 3584K, 0% used [0x00000000ec100000,0x00000000ec100000,0x00000000ec480000)
 ParOldGen       total 68608K, used 28385K [0x00000000c0000000, 0x00000000c4300000, 0x00000000eab00000)
  object space 68608K, 41% used [0x00000000c0000000,0x00000000c1bb8610,0x00000000c4300000)
 Metaspace       used 55164K, committed 56128K, reserved 1114112K
  class space    used 6061K, committed 6464K, reserved 1048576K
}
Event: 3.634 GC heap before
{Heap before GC invocations=23 (full 2):
 PSYoungGen      total 24576K, used 24512K [0x00000000eab00000, 0x00000000ec800000, 0x0000000100000000)
  eden space 22016K, 100% used [0x00000000eab00000,0x00000000ec080000,0x00000000ec080000)
  from space 2560K, 97% used [0x00000000ec580000,0x00000000ec7f0000,0x00000000ec800000)
  to   space 3584K, 0% used [0x00000000ec100000,0x00000000ec100000,0x00000000ec480000)
 ParOldGen       total 68608K, used 28385K [0x00000000c0000000, 0x00000000c4300000, 0x00000000eab00000)
  object space 68608K, 41% used [0x00000000c0000000,0x00000000c1bb8610,0x00000000c4300000)
 Metaspace       used 55224K, committed 56256K, reserved 1114112K
  class space    used 6069K, committed 6464K, reserved 1048576K
}
Event: 3.637 GC heap after
{Heap after GC invocations=23 (full 2):
 PSYoungGen      total 24576K, used 2528K [0x00000000eab00000, 0x00000000ec680000, 0x0000000100000000)
  eden space 22016K, 0% used [0x00000000eab00000,0x00000000eab00000,0x00000000ec080000)
  from space 2560K, 98% used [0x00000000ec100000,0x00000000ec378010,0x00000000ec380000)
  to   space 3072K, 0% used [0x00000000ec380000,0x00000000ec380000,0x00000000ec680000)
 ParOldGen       total 68608K, used 30809K [0x00000000c0000000, 0x00000000c4300000, 0x00000000eab00000)
  object space 68608K, 44% used [0x00000000c0000000,0x00000000c1e16610,0x00000000c4300000)
 Metaspace       used 55224K, committed 56256K, reserved 1114112K
  class space    used 6069K, committed 6464K, reserved 1048576K
}
Event: 3.765 GC heap before
{Heap before GC invocations=24 (full 2):
 PSYoungGen      total 24576K, used 24544K [0x00000000eab00000, 0x00000000ec680000, 0x0000000100000000)
  eden space 22016K, 100% used [0x00000000eab00000,0x00000000ec080000,0x00000000ec080000)
  from space 2560K, 98% used [0x00000000ec100000,0x00000000ec378010,0x00000000ec380000)
  to   space 3072K, 0% used [0x00000000ec380000,0x00000000ec380000,0x00000000ec680000)
 ParOldGen       total 68608K, used 30809K [0x00000000c0000000, 0x00000000c4300000, 0x00000000eab00000)
  object space 68608K, 44% used [0x00000000c0000000,0x00000000c1e16610,0x00000000c4300000)
 Metaspace       used 57321K, committed 58304K, reserved 1114112K
  class space    used 6275K, committed 6720K, reserved 1048576K
}
Event: 3.767 GC heap after
{Heap after GC invocations=24 (full 2):
 PSYoungGen      total 24576K, used 2519K [0x00000000eab00000, 0x00000000ec600000, 0x0000000100000000)
  eden space 22016K, 0% used [0x00000000eab00000,0x00000000eab00000,0x00000000ec080000)
  from space 2560K, 98% used [0x00000000ec380000,0x00000000ec5f5d60,0x00000000ec600000)
  to   space 2560K, 0% used [0x00000000ec100000,0x00000000ec100000,0x00000000ec380000)
 ParOldGen       total 68608K, used 33204K [0x00000000c0000000, 0x00000000c4300000, 0x00000000eab00000)
  object space 68608K, 48% used [0x00000000c0000000,0x00000000c206d208,0x00000000c4300000)
 Metaspace       used 57321K, committed 58304K, reserved 1114112K
  class space    used 6275K, committed 6720K, reserved 1048576K
}
Event: 3.970 GC heap before
{Heap before GC invocations=25 (full 2):
 PSYoungGen      total 24576K, used 24535K [0x00000000eab00000, 0x00000000ec600000, 0x0000000100000000)
  eden space 22016K, 100% used [0x00000000eab00000,0x00000000ec080000,0x00000000ec080000)
  from space 2560K, 98% used [0x00000000ec380000,0x00000000ec5f5d60,0x00000000ec600000)
  to   space 2560K, 0% used [0x00000000ec100000,0x00000000ec100000,0x00000000ec380000)
 ParOldGen       total 68608K, used 33204K [0x00000000c0000000, 0x00000000c4300000, 0x00000000eab00000)
  object space 68608K, 48% used [0x00000000c0000000,0x00000000c206d208,0x00000000c4300000)
 Metaspace       used 58482K, committed 59520K, reserved 1114112K
  class space    used 6427K, committed 6848K, reserved 1048576K
}
Event: 3.972 GC heap after
{Heap after GC invocations=25 (full 2):
 PSYoungGen      total 22528K, used 416K [0x00000000eab00000, 0x00000000ec400000, 0x0000000100000000)
  eden space 22016K, 0% used [0x00000000eab00000,0x00000000eab00000,0x00000000ec080000)
  from space 512K, 81% used [0x00000000ec100000,0x00000000ec168000,0x00000000ec180000)
  to   space 1536K, 0% used [0x00000000ec280000,0x00000000ec280000,0x00000000ec400000)
 ParOldGen       total 68608K, used 35623K [0x00000000c0000000, 0x00000000c4300000, 0x00000000eab00000)
  object space 68608K, 51% used [0x00000000c0000000,0x00000000c22c9fa0,0x00000000c4300000)
 Metaspace       used 58482K, committed 59520K, reserved 1114112K
  class space    used 6427K, committed 6848K, reserved 1048576K
}
Event: 4.001 GC heap before
{Heap before GC invocations=26 (full 2):
 PSYoungGen      total 22528K, used 5011K [0x00000000eab00000, 0x00000000ec400000, 0x0000000100000000)
  eden space 22016K, 20% used [0x00000000eab00000,0x00000000eaf7ce48,0x00000000ec080000)
  from space 512K, 81% used [0x00000000ec100000,0x00000000ec168000,0x00000000ec180000)
  to   space 1536K, 0% used [0x00000000ec280000,0x00000000ec280000,0x00000000ec400000)
 ParOldGen       total 68608K, used 35623K [0x00000000c0000000, 0x00000000c4300000, 0x00000000eab00000)
  object space 68608K, 51% used [0x00000000c0000000,0x00000000c22c9fa0,0x00000000c4300000)
 Metaspace       used 58766K, committed 59776K, reserved 1114112K
  class space    used 6454K, committed 6912K, reserved 1048576K
}
Event: 4.002 GC heap after
{Heap after GC invocations=26 (full 2):
 PSYoungGen      total 22528K, used 320K [0x00000000eab00000, 0x00000000ec300000, 0x0000000100000000)
  eden space 22016K, 0% used [0x00000000eab00000,0x00000000eab00000,0x00000000ec080000)
  from space 512K, 62% used [0x00000000ec280000,0x00000000ec2d0000,0x00000000ec300000)
  to   space 512K, 0% used [0x00000000ec100000,0x00000000ec100000,0x00000000ec180000)
 ParOldGen       total 68608K, used 35887K [0x00000000c0000000, 0x00000000c4300000, 0x00000000eab00000)
  object space 68608K, 52% used [0x00000000c0000000,0x00000000c230bfa0,0x00000000c4300000)
 Metaspace       used 58766K, committed 59776K, reserved 1114112K
  class space    used 6454K, committed 6912K, reserved 1048576K
}
Event: 4.002 GC heap before
{Heap before GC invocations=27 (full 3):
 PSYoungGen      total 22528K, used 320K [0x00000000eab00000, 0x00000000ec300000, 0x0000000100000000)
  eden space 22016K, 0% used [0x00000000eab00000,0x00000000eab00000,0x00000000ec080000)
  from space 512K, 62% used [0x00000000ec280000,0x00000000ec2d0000,0x00000000ec300000)
  to   space 512K, 0% used [0x00000000ec100000,0x00000000ec100000,0x00000000ec180000)
 ParOldGen       total 68608K, used 35887K [0x00000000c0000000, 0x00000000c4300000, 0x00000000eab00000)
  object space 68608K, 52% used [0x00000000c0000000,0x00000000c230bfa0,0x00000000c4300000)
 Metaspace       used 58766K, committed 59776K, reserved 1114112K
  class space    used 6454K, committed 6912K, reserved 1048576K
}
Event: 4.033 GC heap after
{Heap after GC invocations=27 (full 3):
 PSYoungGen      total 22528K, used 0K [0x00000000eab00000, 0x00000000ec300000, 0x0000000100000000)
  eden space 22016K, 0% used [0x00000000eab00000,0x00000000eab00000,0x00000000ec080000)
  from space 512K, 0% used [0x00000000ec280000,0x00000000ec280000,0x00000000ec300000)
  to   space 512K, 0% used [0x00000000ec100000,0x00000000ec100000,0x00000000ec180000)
 ParOldGen       total 68608K, used 34056K [0x00000000c0000000, 0x00000000c4300000, 0x00000000eab00000)
  object space 68608K, 49% used [0x00000000c0000000,0x00000000c2142030,0x00000000c4300000)
 Metaspace       used 58766K, committed 59776K, reserved 1114112K
  class space    used 6454K, committed 6912K, reserved 1048576K
}
Event: 4.110 GC heap before
{Heap before GC invocations=28 (full 3):
 PSYoungGen      total 22528K, used 22016K [0x00000000eab00000, 0x00000000ec300000, 0x0000000100000000)
  eden space 22016K, 100% used [0x00000000eab00000,0x00000000ec080000,0x00000000ec080000)
  from space 512K, 0% used [0x00000000ec280000,0x00000000ec280000,0x00000000ec300000)
  to   space 512K, 0% used [0x00000000ec100000,0x00000000ec100000,0x00000000ec180000)
 ParOldGen       total 68608K, used 34056K [0x00000000c0000000, 0x00000000c4300000, 0x00000000eab00000)
  object space 68608K, 49% used [0x00000000c0000000,0x00000000c2142030,0x00000000c4300000)
 Metaspace       used 59443K, committed 60480K, reserved 1114112K
  class space    used 6504K, committed 6976K, reserved 1048576K
}
Event: 4.111 GC heap after
{Heap after GC invocations=28 (full 3):
 PSYoungGen      total 22528K, used 494K [0x00000000eab00000, 0x00000000ec480000, 0x0000000100000000)
  eden space 22016K, 0% used [0x00000000eab00000,0x00000000eab00000,0x00000000ec080000)
  from space 512K, 96% used [0x00000000ec100000,0x00000000ec17bb78,0x00000000ec180000)
  to   space 2048K, 0% used [0x00000000ec280000,0x00000000ec280000,0x00000000ec480000)
 ParOldGen       total 68608K, used 35294K [0x00000000c0000000, 0x00000000c4300000, 0x00000000eab00000)
  object space 68608K, 51% used [0x00000000c0000000,0x00000000c2277980,0x00000000c4300000)
 Metaspace       used 59443K, committed 60480K, reserved 1114112K
  class space    used 6504K, committed 6976K, reserved 1048576K
}
Event: 4.185 GC heap before
{Heap before GC invocations=29 (full 3):
 PSYoungGen      total 22528K, used 22510K [0x00000000eab00000, 0x00000000ec480000, 0x0000000100000000)
  eden space 22016K, 100% used [0x00000000eab00000,0x00000000ec080000,0x00000000ec080000)
  from space 512K, 96% used [0x00000000ec100000,0x00000000ec17bb78,0x00000000ec180000)
  to   space 2048K, 0% used [0x00000000ec280000,0x00000000ec280000,0x00000000ec480000)
 ParOldGen       total 68608K, used 35294K [0x00000000c0000000, 0x00000000c4300000, 0x00000000eab00000)
  object space 68608K, 51% used [0x00000000c0000000,0x00000000c2277980,0x00000000c4300000)
 Metaspace       used 60467K, committed 61504K, reserved 1114112K
  class space    used 6601K, committed 7040K, reserved 1048576K
}
Event: 4.186 GC heap after
{Heap after GC invocations=29 (full 3):
 PSYoungGen      total 22528K, used 320K [0x00000000eab00000, 0x00000000ec300000, 0x0000000100000000)
  eden space 22016K, 0% used [0x00000000eab00000,0x00000000eab00000,0x00000000ec080000)
  from space 512K, 62% used [0x00000000ec280000,0x00000000ec2d0000,0x00000000ec300000)
  to   space 1024K, 0% used [0x00000000ec100000,0x00000000ec100000,0x00000000ec200000)
 ParOldGen       total 68608K, used 35502K [0x00000000c0000000, 0x00000000c4300000, 0x00000000eab00000)
  object space 68608K, 51% used [0x00000000c0000000,0x00000000c22ab980,0x00000000c4300000)
 Metaspace       used 60467K, committed 61504K, reserved 1114112K
  class space    used 6601K, committed 7040K, reserved 1048576K
}
Event: 4.419 GC heap before
{Heap before GC invocations=30 (full 3):
 PSYoungGen      total 22528K, used 22335K [0x00000000eab00000, 0x00000000ec300000, 0x0000000100000000)
  eden space 22016K, 99% used [0x00000000eab00000,0x00000000ec07ff80,0x00000000ec080000)
  from space 512K, 62% used [0x00000000ec280000,0x00000000ec2d0000,0x00000000ec300000)
  to   space 1024K, 0% used [0x00000000ec100000,0x00000000ec100000,0x00000000ec200000)
 ParOldGen       total 68608K, used 35502K [0x00000000c0000000, 0x00000000c4300000, 0x00000000eab00000)
  object space 68608K, 51% used [0x00000000c0000000,0x00000000c22ab980,0x00000000c4300000)
 Metaspace       used 63204K, committed 64320K, reserved 1114112K
  class space    used 6872K, committed 7360K, reserved 1048576K
}
Event: 4.420 GC heap after
{Heap after GC invocations=30 (full 3):
 PSYoungGen      total 23040K, used 983K [0x00000000eab00000, 0x00000000ec380000, 0x0000000100000000)
  eden space 22016K, 0% used [0x00000000eab00000,0x00000000eab00000,0x00000000ec080000)
  from space 1024K, 96% used [0x00000000ec100000,0x00000000ec1f5fc8,0x00000000ec200000)
  to   space 1536K, 0% used [0x00000000ec200000,0x00000000ec200000,0x00000000ec380000)
 ParOldGen       total 68608K, used 35630K [0x00000000c0000000, 0x00000000c4300000, 0x00000000eab00000)
  object space 68608K, 51% used [0x00000000c0000000,0x00000000c22cb980,0x00000000c4300000)
 Metaspace       used 63204K, committed 64320K, reserved 1114112K
  class space    used 6872K, committed 7360K, reserved 1048576K
}
Event: 4.606 GC heap before
{Heap before GC invocations=31 (full 3):
 PSYoungGen      total 23040K, used 22999K [0x00000000eab00000, 0x00000000ec380000, 0x0000000100000000)
  eden space 22016K, 100% used [0x00000000eab00000,0x00000000ec080000,0x00000000ec080000)
  from space 1024K, 96% used [0x00000000ec100000,0x00000000ec1f5fc8,0x00000000ec200000)
  to   space 1536K, 0% used [0x00000000ec200000,0x00000000ec200000,0x00000000ec380000)
 ParOldGen       total 68608K, used 35630K [0x00000000c0000000, 0x00000000c4300000, 0x00000000eab00000)
  object space 68608K, 51% used [0x00000000c0000000,0x00000000c22cb980,0x00000000c4300000)
 Metaspace       used 66539K, committed 67648K, reserved 1114112K
  class space    used 7209K, committed 7680K, reserved 1048576K
}
Event: 4.608 GC heap after
{Heap after GC invocations=31 (full 3):
 PSYoungGen      total 23552K, used 1385K [0x00000000eab00000, 0x00000000ec380000, 0x0000000100000000)
  eden space 22016K, 0% used [0x00000000eab00000,0x00000000eab00000,0x00000000ec080000)
  from space 1536K, 90% used [0x00000000ec200000,0x00000000ec35a5b0,0x00000000ec380000)
  to   space 1536K, 0% used [0x00000000ec080000,0x00000000ec080000,0x00000000ec200000)
 ParOldGen       total 68608K, used 36343K [0x00000000c0000000, 0x00000000c4300000, 0x00000000eab00000)
  object space 68608K, 52% used [0x00000000c0000000,0x00000000c237dd30,0x00000000c4300000)
 Metaspace       used 66539K, committed 67648K, reserved 1114112K
  class space    used 7209K, committed 7680K, reserved 1048576K
}

